<?xml version="1.0" encoding="UTF-8"?>
<!-- Generated by org.testng.reporters.JUnitReportReporter -->
<testsuite hostname="LAPTOP-1F11223N" failures="0" tests="1" name="Practice.test1" time="14.215" errors="0" timestamp="2021-05-29T02:47:19 IST" skipped="0">
  <testcase classname="Practice.test1" name="VegList" time="14.215"/>
  <system-out/>
</testsuite> <!-- Practice.test1 -->
